<?xml version="1.0" encoding="UTF-8"?>
<testsuite name="JUnit Vintage" tests="1" skipped="0" failures="0" errors="0" time="0.035" hostname="VCDHADMHOSLP05" timestamp="2022-01-31T15:20:32">
<properties>
[...]
</properties>
<testcase name="testLoginStatus" classname="TestLogin" time="0.007">
<system-out><![CDATA[
unique-id: [engine:junit-vintage]/[runner:TestLogin]/[test:testLoginStatus(TestLogin)]
display-name: testLoginStatus
]]></system-out>
</testcase>
<system-out><![CDATA[
unique-id: [engine:junit-vintage]
display-name: JUnit Vintage
]]></system-out>
</testsuite>
